{"/home/jackson/work/hexlet/frontend-project-lvl2/src/gendiff.js": {"path":"/home/jackson/work/hexlet/frontend-project-lvl2/src/gendiff.js","statementMap":{"0":{"start":{"line":1,"column":0},"end":{"line":1,"column":20}},"1":{"start":{"line":2,"column":0},"end":{"line":2,"column":23}},"2":{"start":{"line":3,"column":0},"end":{"line":3,"column":24}},"3":{"start":{"line":4,"column":0},"end":{"line":4,"column":0}},"4":{"start":{"line":5,"column":0},"end":{"line":5,"column":33}},"5":{"start":{"line":6,"column":0},"end":{"line":6,"column":103}},"6":{"start":{"line":7,"column":0},"end":{"line":7,"column":62}},"7":{"start":{"line":8,"column":0},"end":{"line":8,"column":2}},"8":{"start":{"line":9,"column":0},"end":{"line":9,"column":0}},"9":{"start":{"line":10,"column":0},"end":{"line":10,"column":52}},"10":{"start":{"line":11,"column":0},"end":{"line":11,"column":57}},"11":{"start":{"line":12,"column":0},"end":{"line":12,"column":59}},"12":{"start":{"line":13,"column":0},"end":{"line":13,"column":89}},"13":{"start":{"line":14,"column":0},"end":{"line":14,"column":53}},"14":{"start":{"line":15,"column":0},"end":{"line":15,"column":33}},"15":{"start":{"line":16,"column":0},"end":{"line":16,"column":33}},"16":{"start":{"line":17,"column":0},"end":{"line":17,"column":52}},"17":{"start":{"line":18,"column":0},"end":{"line":18,"column":51}},"18":{"start":{"line":19,"column":0},"end":{"line":19,"column":5}},"19":{"start":{"line":20,"column":0},"end":{"line":20,"column":33}},"20":{"start":{"line":21,"column":0},"end":{"line":21,"column":33}},"21":{"start":{"line":22,"column":0},"end":{"line":22,"column":52}},"22":{"start":{"line":23,"column":0},"end":{"line":23,"column":51}},"23":{"start":{"line":24,"column":0},"end":{"line":24,"column":50}},"24":{"start":{"line":25,"column":0},"end":{"line":25,"column":5}},"25":{"start":{"line":26,"column":0},"end":{"line":26,"column":67}},"26":{"start":{"line":27,"column":0},"end":{"line":27,"column":51}},"27":{"start":{"line":28,"column":0},"end":{"line":28,"column":5}},"28":{"start":{"line":29,"column":0},"end":{"line":29,"column":67}},"29":{"start":{"line":30,"column":0},"end":{"line":30,"column":50}},"30":{"start":{"line":31,"column":0},"end":{"line":31,"column":5}},"31":{"start":{"line":32,"column":0},"end":{"line":32,"column":15}},"32":{"start":{"line":33,"column":0},"end":{"line":33,"column":9}},"33":{"start":{"line":34,"column":0},"end":{"line":34,"column":42}},"34":{"start":{"line":35,"column":0},"end":{"line":35,"column":2}},"35":{"start":{"line":36,"column":0},"end":{"line":36,"column":0}},"36":{"start":{"line":37,"column":0},"end":{"line":37,"column":23}}},"s":{"0":1,"1":1,"2":1,"3":1,"4":1,"5":1,"6":1,"7":1,"8":1,"9":1,"10":1,"11":1,"12":1,"13":1,"14":5,"15":2,"16":5,"17":1,"18":1,"19":5,"20":2,"21":5,"22":1,"23":1,"24":1,"25":5,"26":1,"27":1,"28":5,"29":2,"30":2,"31":5,"32":1,"33":1,"34":1,"35":1,"36":1},"branchMap":{"0":{"type":"branch","line":37,"loc":{"start":{"line":37,"column":23},"end":{"line":37,"column":23}},"locations":[{"start":{"line":37,"column":23},"end":{"line":37,"column":23}}]},"1":{"type":"branch","line":5,"loc":{"start":{"line":5,"column":19},"end":{"line":5,"column":6}},"locations":[{"start":{"line":5,"column":19},"end":{"line":5,"column":6}}]},"2":{"type":"branch","line":6,"loc":{"start":{"line":6,"column":25},"end":{"line":6,"column":69}},"locations":[{"start":{"line":6,"column":25},"end":{"line":6,"column":69}}]},"3":{"type":"branch","line":10,"loc":{"start":{"line":10,"column":16},"end":{"line":10,"column":6}},"locations":[{"start":{"line":10,"column":16},"end":{"line":10,"column":6}}]},"4":{"type":"branch","line":14,"loc":{"start":{"line":14,"column":38},"end":{"line":33,"column":5}},"locations":[{"start":{"line":14,"column":38},"end":{"line":33,"column":5}}]},"5":{"type":"branch","line":15,"loc":{"start":{"line":15,"column":8},"end":{"line":16,"column":8}},"locations":[{"start":{"line":15,"column":8},"end":{"line":16,"column":8}}]},"6":{"type":"branch","line":15,"loc":{"start":{"line":15,"column":8},"end":{"line":17,"column":45}},"locations":[{"start":{"line":15,"column":8},"end":{"line":17,"column":45}}]},"7":{"type":"branch","line":17,"loc":{"start":{"line":17,"column":51},"end":{"line":19,"column":5}},"locations":[{"start":{"line":17,"column":51},"end":{"line":19,"column":5}}]},"8":{"type":"branch","line":20,"loc":{"start":{"line":20,"column":8},"end":{"line":21,"column":8}},"locations":[{"start":{"line":20,"column":8},"end":{"line":21,"column":8}}]},"9":{"type":"branch","line":20,"loc":{"start":{"line":20,"column":8},"end":{"line":22,"column":45}},"locations":[{"start":{"line":20,"column":8},"end":{"line":22,"column":45}}]},"10":{"type":"branch","line":22,"loc":{"start":{"line":22,"column":51},"end":{"line":25,"column":5}},"locations":[{"start":{"line":22,"column":51},"end":{"line":25,"column":5}}]},"11":{"type":"branch","line":26,"loc":{"start":{"line":26,"column":8},"end":{"line":26,"column":39}},"locations":[{"start":{"line":26,"column":8},"end":{"line":26,"column":39}}]},"12":{"type":"branch","line":26,"loc":{"start":{"line":26,"column":66},"end":{"line":28,"column":5}},"locations":[{"start":{"line":26,"column":66},"end":{"line":28,"column":5}}]},"13":{"type":"branch","line":29,"loc":{"start":{"line":29,"column":8},"end":{"line":29,"column":39}},"locations":[{"start":{"line":29,"column":8},"end":{"line":29,"column":39}}]},"14":{"type":"branch","line":29,"loc":{"start":{"line":29,"column":66},"end":{"line":31,"column":5}},"locations":[{"start":{"line":29,"column":66},"end":{"line":31,"column":5}}]}},"b":{"0":[1],"1":[2],"2":[0],"3":[1],"4":[5],"5":[4],"6":[2],"7":[1],"8":[4],"9":[2],"10":[1],"11":[1],"12":[1],"13":[4],"14":[2]},"fnMap":{"0":{"name":"parseFile","decl":{"start":{"line":5,"column":19},"end":{"line":5,"column":6}},"loc":{"start":{"line":5,"column":19},"end":{"line":5,"column":6}},"line":5},"1":{"name":"genDiff","decl":{"start":{"line":10,"column":16},"end":{"line":10,"column":6}},"loc":{"start":{"line":10,"column":16},"end":{"line":10,"column":6}},"line":10}},"f":{"0":2,"1":1}}
}
