TN:
SF:src/gendiff.js
FN:5,parseFile
FN:10,genDiff
FNF:2
FNH:2
FNDA:2,parseFile
FNDA:1,genDiff
DA:1,1
DA:2,1
DA:3,1
DA:4,1
DA:5,1
DA:6,1
DA:7,1
DA:8,1
DA:9,1
DA:10,1
DA:11,1
DA:12,1
DA:13,1
DA:14,1
DA:15,5
DA:16,2
DA:17,5
DA:18,1
DA:19,1
DA:20,5
DA:21,2
DA:22,5
DA:23,1
DA:24,1
DA:25,1
DA:26,5
DA:27,1
DA:28,1
DA:29,5
DA:30,2
DA:31,2
DA:32,5
DA:33,1
DA:34,1
DA:35,1
DA:36,1
DA:37,1
LF:37
LH:37
BRDA:37,0,0,1
BRDA:5,1,0,2
BRDA:6,2,0,0
BRDA:10,3,0,1
BRDA:14,4,0,5
BRDA:15,5,0,4
BRDA:15,6,0,2
BRDA:17,7,0,1
BRDA:20,8,0,4
BRDA:20,9,0,2
BRDA:22,10,0,1
BRDA:26,11,0,1
BRDA:26,12,0,1
BRDA:29,13,0,4
BRDA:29,14,0,2
BRF:15
BRH:14
end_of_record
